AP Systems/1. Laptop and phone/Android App/[old] BodyMedia/sensors_mobile/manifest-merger-release-report.txt
-- Merging decision tree log ---
manifest
ADDED from AndroidManifest.xml:2:1
	package
		ADDED from AndroidManifest.xml:3:5
		INJECTED from AndroidManifest.xml:0:0
		INJECTED from AndroidManifest.xml:0:0
	android:versionName
		ADDED from AndroidManifest.xml:5:5
		INJECTED from AndroidManifest.xml:0:0
		INJECTED from AndroidManifest.xml:0:0
	android:versionCode
		ADDED from AndroidManifest.xml:4:5
		INJECTED from AndroidManifest.xml:0:0
		INJECTED from AndroidManifest.xml:0:0
	xmlns:android
		ADDED from AndroidManifest.xml:2:11
uses-sdk
ADDED from AndroidManifest.xml:7:5
MERGED from com.android.support:support-v4:21.0.3:15:5
	android:targetSdkVersion
		ADDED from AndroidManifest.xml:9:9
		INJECTED from AndroidManifest.xml:0:0
		INJECTED from AndroidManifest.xml:0:0
	android:minSdkVersion
		ADDED from AndroidManifest.xml:8:9
		INJECTED from AndroidManifest.xml:0:0
		INJECTED from AndroidManifest.xml:0:0
uses-permission#android.permission.BLUETOOTH
ADDED from AndroidManifest.xml:11:5
	android:name
		ADDED from AndroidManifest.xml:11:22
uses-permission#android.permission.BLUETOOTH_ADMIN
ADDED from AndroidManifest.xml:12:5
	android:name
		ADDED from AndroidManifest.xml:12:22
uses-permission#android.permission.INTERNET
ADDED from AndroidManifest.xml:13:5
	android:name
		ADDED from AndroidManifest.xml:13:22
uses-permission#android.permission.ACCESS_NETWORK_STATE
ADDED from AndroidManifest.xml:14:5
	android:name
		ADDED from AndroidManifest.xml:14:22
uses-permission#android.permission.READ_LOGS
ADDED from AndroidManifest.xml:15:5
	android:name
		ADDED from AndroidManifest.xml:15:22
uses-permission#android.permission.WRITE_EXTERNAL_STORAGE
ADDED from AndroidManifest.xml:16:5
	android:name
		ADDED from AndroidManifest.xml:16:22
uses-permission#android.permission.READ_EXTERNAL_STORAGE
ADDED from AndroidManifest.xml:17:5
	android:name
		ADDED from AndroidManifest.xml:17:22
uses-permission#android.permission.ACCESS_WIFI_STATE
ADDED from AndroidManifest.xml:19:5
	android:name
		ADDED from AndroidManifest.xml:19:22
uses-permission#android.permission.CHANGE_WIFI_STATE
ADDED from AndroidManifest.xml:20:5
	android:name
		ADDED from AndroidManifest.xml:20:22
uses-permission#android.permission.DISABLE_KEYGUARD
ADDED from AndroidManifest.xml:21:5
	android:name
		ADDED from AndroidManifest.xml:21:22
uses-permission#android.permission.WAKE_LOCK
ADDED from AndroidManifest.xml:22:5
	android:name
		ADDED from AndroidManifest.xml:22:22
uses-permission#android.permission.CALL_PHONE
ADDED from AndroidManifest.xml:23:5
	android:name
		ADDED from AndroidManifest.xml:23:22
uses-feature#android.hardware.bluetooth_le
ADDED from AndroidManifest.xml:26:5
	android:required
		ADDED from AndroidManifest.xml:28:9
	android:name
		ADDED from AndroidManifest.xml:27:9
uses-feature#android.hardware.usb.host
ADDED from AndroidManifest.xml:29:5
	android:name
		ADDED from AndroidManifest.xml:29:19
application
ADDED from AndroidManifest.xml:31:5
MERGED from com.android.support:support-v4:21.0.3:16:5
	android:label
		ADDED from AndroidManifest.xml:34:9
	android:allowBackup
		ADDED from AndroidManifest.xml:32:9
	android:icon
		ADDED from AndroidManifest.xml:33:9
	android:theme
		ADDED from AndroidManifest.xml:35:9
	android:name
		ADDED from AndroidManifest.xml:36:9
uses-library#com.samsung.android.sdk.bt
ADDED from AndroidManifest.xml:37:9
	android:required
		ADDED from AndroidManifest.xml:39:13
	android:name
		ADDED from AndroidManifest.xml:38:13
activity#com.bodymedia.mobile.testapp.InitActivity
ADDED from AndroidManifest.xml:41:9
	android:screenOrientation
		ADDED from AndroidManifest.xml:45:17
	android:label
		ADDED from AndroidManifest.xml:43:17
	android:configChanges
		ADDED from AndroidManifest.xml:44:17
	android:name
		ADDED from AndroidManifest.xml:42:17
intent-filter#android.intent.action.MAIN+android.intent.category.LAUNCHER
ADDED from AndroidManifest.xml:46:13
action#android.intent.action.MAIN
ADDED from AndroidManifest.xml:47:17
	android:name
		ADDED from AndroidManifest.xml:47:25
category#android.intent.category.LAUNCHER
ADDED from AndroidManifest.xml:48:17
	android:name
		ADDED from AndroidManifest.xml:48:27
activity#com.bodymedia.mobile.testapp.BM.MainActivityBM
ADDED from AndroidManifest.xml:51:9
	android:screenOrientation
		ADDED from AndroidManifest.xml:55:13
	android:label
		ADDED from AndroidManifest.xml:53:13
	android:configChanges
		ADDED from AndroidManifest.xml:54:13
	android:name
		ADDED from AndroidManifest.xml:52:13
activity#com.bodymedia.mobile.testapp.zephyr.MainActivityZephyr
ADDED from AndroidManifest.xml:61:9
	android:screenOrientation
		ADDED from AndroidManifest.xml:63:19
	android:label
		ADDED from AndroidManifest.xml:62:19
	android:configChanges
		ADDED from AndroidManifest.xml:64:19
	android:name
		ADDED from AndroidManifest.xml:61:19
activity#com.bodymedia.mobile.testapp.zephyr.PlotActivity
ADDED from AndroidManifest.xml:68:9
	android:screenOrientation
		ADDED from AndroidManifest.xml:70:19
	android:label
		ADDED from AndroidManifest.xml:69:19
	android:configChanges
		ADDED from AndroidManifest.xml:71:19
	android:name
		ADDED from AndroidManifest.xml:68:19
activity#com.bodymedia.mobile.testapp.MultipleCommunication.MainActivityMultiple
ADDED from AndroidManifest.xml:74:9
	android:screenOrientation
		ADDED from AndroidManifest.xml:78:17
	android:label
		ADDED from AndroidManifest.xml:76:17
	android:configChanges
		ADDED from AndroidManifest.xml:77:17
	android:name
		ADDED from AndroidManifest.xml:75:17
activity#com.bodymedia.mobile.testapp.Dexcom.G4DevKitTestAppActivity
ADDED from AndroidManifest.xml:82:9
	android:label
		ADDED from AndroidManifest.xml:85:17
	android:launchMode
		ADDED from AndroidManifest.xml:84:17
	android:name
		ADDED from AndroidManifest.xml:83:17
intent-filter#android.hardware.usb.action.USB_DEVICE_ATTACHED+android.hardware.usb.action.USB_DEVICE_DETACHED
ADDED from AndroidManifest.xml:88:13
action#android.hardware.usb.action.USB_DEVICE_ATTACHED
ADDED from AndroidManifest.xml:89:17
	android:name
		ADDED from AndroidManifest.xml:89:25
action#android.hardware.usb.action.USB_DEVICE_DETACHED
ADDED from AndroidManifest.xml:90:17
	android:name
		ADDED from AndroidManifest.xml:90:25
meta-data#android.hardware.usb.action.USB_DEVICE_ATTACHED
ADDED from AndroidManifest.xml:93:13
	android:resource
		ADDED from AndroidManifest.xml:95:21
	android:name
		ADDED from AndroidManifest.xml:94:21
activity#com.bodymedia.mobile.testapp.Dexcom.AppPreferences
ADDED from AndroidManifest.xml:98:9
	android:label
		ADDED from AndroidManifest.xml:101:17
	android:launchMode
		ADDED from AndroidManifest.xml:100:17
	android:name
		ADDED from AndroidManifest.xml:99:17
activity#org.acra.CrashReportDialog
ADDED from AndroidManifest.xml:109:9
	android:excludeFromRecents
		ADDED from AndroidManifest.xml:113:13
	android:launchMode
		ADDED from AndroidManifest.xml:112:13
	android:finishOnTaskLaunch
		ADDED from AndroidManifest.xml:114:13
	android:theme
		ADDED from AndroidManifest.xml:111:13
	android:name
		ADDED from AndroidManifest.xml:110:13
receiver#com.bodymedia.mobile.testapp.Database.DataStoring
ADDED from AndroidManifest.xml:116:9
	android:enabled
		ADDED from AndroidManifest.xml:119:17
	android:exported
		ADDED from AndroidManifest.xml:118:17
	android:name
		ADDED from AndroidManifest.xml:117:17
service#com.dexcom.G4DevKit.ReceiverUpdateService
ADDED from AndroidManifest.xml:122:9
	android:enabled
		ADDED from AndroidManifest.xml:124:17
	android:name
		ADDED from AndroidManifest.xml:123:17